#
# There is insufficient memory for the Java Runtime Environment to continue.
# Native memory allocation (mmap) failed to map 65536 bytes. Error detail: Failed to commit metaspace.
# Possible reasons:
#   The system is out of physical RAM or swap space
#   This process is running with CompressedOops enabled, and the Java Heap may be blocking the growth of the native heap
# Possible solutions:
#   Reduce memory load on the system
#   Increase physical memory or swap space
#   Check if swap backing store is full
#   Decrease Java heap size (-Xmx/-Xms)
#   Decrease number of Java threads
#   Decrease Java thread stack sizes (-Xss)
#   Set larger code cache with -XX:ReservedCodeCacheSize=
#   JVM is running with Zero Based Compressed Oops mode in which the Java heap is
#     placed in the first 32GB address space. The Java Heap base address is the
#     maximum limit for the native heap growth. Please use -XX:HeapBaseMinAddress
#     to set the Java Heap base and to place the Java Heap above 32GB virtual address.
# This output file may be truncated or incomplete.
#
#  Out of Memory Error (virtualSpaceNode.cpp:112), pid=10996, tid=33688
#
# JRE version: OpenJDK Runtime Environment Corretto-21.0.3.9.1 (21.0.3+9) (build 21.0.3+9-LTS)
# Java VM: OpenJDK 64-Bit Server VM Corretto-21.0.3.9.1 (21.0.3+9-LTS, mixed mode, tiered, compressed oops, compressed class ptrs, g1 gc, windows-amd64)
# No core dump will be written. Minidumps are not enabled by default on client versions of Windows
#

---------------  S U M M A R Y ------------

Command Line: -javaagent:C:\Program Files\JetBrains\IntelliJ IDEA 2023.3.6\lib\idea_rt.jar=52307:C:\Program Files\JetBrains\IntelliJ IDEA 2023.3.6\bin -Dfile.encoding=UTF-8 -Dsun.stdout.encoding=UTF-8 -Dsun.stderr.encoding=UTF-8 --module-path=C:\Users\AN\.m2\repository\org\openjfx\javafx-web\17.0.6\javafx-web-17.0.6-win.jar;C:\Users\AN\.m2\repository\org\openjfx\javafx-media\17.0.6\javafx-media-17.0.6-win.jar;C:\Users\AN\.m2\repository\org\jetbrains\kotlin\kotlin-stdlib\1.8.10\kotlin-stdlib-1.8.10.jar;C:\Users\AN\.m2\repository\com\github\almasb\fxgl-core\17.3\fxgl-core-17.3.jar;C:\Users\AN\.m2\repository\com\github\almasb\fxgl-entity\17.3\fxgl-entity-17.3.jar;C:\Users\AN\.m2\repository\com\gluonhq\attach\util\4.0.17\util-4.0.17.jar;C:\Users\AN\.m2\repository\com\github\almasb\fxgl-scene\17.3\fxgl-scene-17.3.jar;C:\Users\AN\.m2\repository\com\gluonhq\attach\audio\4.0.17\audio-4.0.17.jar;C:\Users\AN\.m2\repository\org\kordamp\ikonli\ikonli-javafx\12.3.1\ikonli-javafx-12.3.1.jar;C:\Users\AN\.m2\repository\eu\hansolo\tilesfx\11.48\tilesfx-11.48.jar;C:\Users\AN\.m2\repository\com\github\almasb\fxgl-gameplay\17.3\fxgl-gameplay-17.3.jar;D:\hoc_tren_lop\hk4\app\SE330.1\target\classes;C:\Users\AN\.m2\repository\net\synedra\validatorfx\0.4.0\validatorfx-0.4.0.jar;C:\Users\AN\.m2\repository\com\gluonhq\attach\storage\4.0.17\storage-4.0.17.jar;C:\Users\AN\.m2\repository\com\fasterxml\jackson\core\jackson-databind\2.14.2\jackson-databind-2.14.2.jar;C:\Users\AN\.m2\repository\com\jfoenix\jfoenix\9.0.1\jfoenix-9.0.1.jar;C:\Users\AN\.m2\repository\org\controlsfx\controlsfx\11.1.2\controlsfx-11.1.2.jar;C:\Users\AN\.m2\repository\com\github\almasb\fxgl\17.3\fxgl-17.3.jar;C:\Users\AN\.m2\repository\org\openjfx\javafx-fxml\17.0.6\javafx-fxml-17.0.6-win.jar;C:\Users\AN\.m2\repository\org\kordamp\ikonli\ikonli-core\12.3.1\ikonli-core-12.3.1.jar;C:\Users\AN\.m2\repository\com\github\almasb\fxgl-io\17.3\fxgl-io-17.3.jar;C:\Users\AN\.m2\repository\org\openjfx\javafx-base\17.0.6\javafx-base-17.0.6-win.jar;C:\Users\AN\.m2\repository\com\gluonhq\attach\lifecycle\4.0.17\lifecycle-4.0.17.jar;C:\Users\AN\.m2\repository\org\openjfx\javafx-graphics\17.0.6\javafx-graphics-17.0.6-win.jar;C:\Users\AN\.m2\repository\org\open-Djdk.module.main=com.example.privateclinic com.example.privateclinic/com.example.privateclinic.App

Host: AMD Ryzen 7 6800HS Creator Edition             , 16 cores, 13G,  Windows 11 , 64 bit Build 22621 (10.0.22621.3527)
Time: Sun May 12 19:53:53 2024 SE Asia Standard Time elapsed time: 0.174288 seconds (0d 0h 0m 0s)

---------------  T H R E A D  ---------------

Current thread (0x0000025c65cc12a0):  JavaThread "main"             [_thread_in_vm, id=33688, stack(0x00000075c4700000,0x00000075c4800000) (1024K)]

Stack: [0x00000075c4700000,0x00000075c4800000]
Native frames: (J=compiled Java code, j=interpreted, Vv=VM code, C=native code)
V  [jvm.dll+0x6d4fa9]
V  [jvm.dll+0x8b01c3]
V  [jvm.dll+0x8b251e]
V  [jvm.dll+0x8b2c03]
V  [jvm.dll+0x284fb6]
V  [jvm.dll+0x8abe0e]
V  [jvm.dll+0x676a85]
V  [jvm.dll+0x676aea]
V  [jvm.dll+0x679306]
V  [jvm.dll+0x6791d2]
V  [jvm.dll+0x67743e]
V  [jvm.dll+0x30fcb6]
V  [jvm.dll+0x21caf3]
V  [jvm.dll+0x211357]
V  [jvm.dll+0x5b4fab]
V  [jvm.dll+0x222b77]
V  [jvm.dll+0x8284a1]
V  [jvm.dll+0x8294c2]
V  [jvm.dll+0x829a6f]
V  [jvm.dll+0x829718]
V  [jvm.dll+0x27298b]
V  [jvm.dll+0x272ba5]
V  [jvm.dll+0x5d7c91]
V  [jvm.dll+0x5da294]
V  [jvm.dll+0x3de5e2]
V  [jvm.dll+0x3de080]
C  0x0000025c757f773c

The last pc belongs to getstatic (printed below).
Java frames: (J=compiled Java code, j=interpreted, Vv=VM code)
j  java.util.Locale.createConstant(B)Ljava/util/Locale;+0 java.base@21.0.3
j  java.util.Locale.<clinit>()V+27 java.base@21.0.3
v  ~StubRoutines::call_stub 0x0000025c757e100d
j  java.io.WinNTFileSystem.hashCode(Ljava/io/File;)I+4 java.base@21.0.3
j  java.io.File.hashCode()I+4 java.base@21.0.3
j  java.util.zip.ZipFile$Source$Key.hashCode()I+41 java.base@21.0.3
J 53 c1 java.util.HashMap.hash(Ljava/lang/Object;)I java.base@21.0.3 (20 bytes) @ 0x0000025c6e3a1a7c [0x0000025c6e3a1940+0x000000000000013c]
j  java.util.HashMap.putIfAbsent(Ljava/lang/Object;Ljava/lang/Object;)Ljava/lang/Object;+2 java.base@21.0.3
j  java.util.zip.ZipFile$Source.get(Ljava/io/File;ZLjava/util/zip/ZipCoder;)Ljava/util/zip/ZipFile$Source;+128 java.base@21.0.3
j  java.util.zip.ZipFile$CleanableResource.<init>(Ljava/util/zip/ZipFile;Ljava/util/zip/ZipCoder;Ljava/io/File;I)V+56 java.base@21.0.3
j  java.util.zip.ZipFile.<init>(Ljava/io/File;ILjava/nio/charset/Charset;)V+123 java.base@21.0.3
j  java.util.zip.ZipFile.<init>(Ljava/io/File;I)V+6 java.base@21.0.3
j  java.util.jar.JarFile.<init>(Ljava/io/File;ZILjava/lang/Runtime$Version;)V+3 java.base@21.0.3
j  jdk.internal.module.ModulePath.readJar(Ljava/nio/file/Path;)Ljava/lang/module/ModuleReference;+16 java.base@21.0.3
j  jdk.internal.module.ModulePath.readModule(Ljava/nio/file/Path;Ljava/nio/file/attribute/BasicFileAttributes;)Ljava/lang/module/ModuleReference;+60 java.base@21.0.3
j  jdk.internal.module.ModulePath.scan(Ljava/nio/file/Path;)Ljava/util/Map;+67 java.base@21.0.3
j  jdk.internal.module.ModulePath.scanNextEntry()V+23 java.base@21.0.3
j  jdk.internal.module.ModulePath.find(Ljava/lang/String;)Ljava/util/Optional;+36 java.base@21.0.3
j  java.lang.module.ModuleFinder$2.lambda$find$0(Ljava/lang/String;Ljava/lang/module/ModuleFinder;)Ljava/util/Optional;+2 java.base@21.0.3
j  java.lang.module.ModuleFinder$2$$Lambda+0x00000008000133f8.apply(Ljava/lang/Object;)Ljava/lang/Object;+8 java.base@21.0.3
j  java.util.stream.ReferencePipeline$3$1.accept(Ljava/lang/Object;)V+12 java.base@21.0.3
j  java.util.AbstractList$RandomAccessSpliterator.tryAdvance(Ljava/util/function/Consumer;)Z+43 java.base@21.0.3
j  java.util.stream.ReferencePipeline.forEachWithCancel(Ljava/util/Spliterator;Ljava/util/stream/Sink;)Z+13 java.base@21.0.3
j  java.util.stream.AbstractPipeline.copyIntoWithCancel(Ljava/util/stream/Sink;Ljava/util/Spliterator;)Z+32 java.base@21.0.3
j  java.util.stream.AbstractPipeline.copyInto(Ljava/util/stream/Sink;Ljava/util/Spliterator;)V+49 java.base@21.0.3
j  java.util.stream.AbstractPipeline.wrapAndCopyInto(Ljava/util/stream/Sink;Ljava/util/Spliterator;)Ljava/util/stream/Sink;+13 java.base@21.0.3
j  java.util.stream.FindOps$FindOp.evaluateSequential(Ljava/util/stream/PipelineHelper;Ljava/util/Spliterator;)Ljava/lang/Object;+14 java.base@21.0.3
j  java.util.stream.AbstractPipeline.evaluate(Ljava/util/stream/TerminalOp;)Ljava/lang/Object;+88 java.base@21.0.3
j  java.util.stream.ReferencePipeline.findFirst()Ljava/util/Optional;+5 java.base@21.0.3
j  java.lang.module.ModuleFinder$2.find(Ljava/lang/String;)Ljava/util/Optional;+53 java.base@21.0.3
j  java.lang.module.Resolver.findWithBeforeFinder(Ljava/lang/String;)Ljava/lang/module/ModuleReference;+5 java.base@21.0.3
j  java.lang.module.Resolver.resolve(Ljava/util/Collection;)Ljava/lang/module/Resolver;+38 java.base@21.0.3
j  java.lang.module.Configuration.resolveAndBind(Ljava/lang/module/ModuleFinder;Ljava/util/Collection;Ljava/io/PrintStream;)Ljava/lang/module/Configuration;+29 java.base@21.0.3
j  java.lang.module.ModuleDescriptor$1.resolveAndBind(Ljava/lang/module/ModuleFinder;Ljava/util/Collection;Ljava/io/PrintStream;)Ljava/lang/module/Configuration;+3 java.base@21.0.3
j  jdk.internal.module.Modules.newBootLayerConfiguration(Ljava/lang/module/ModuleFinder;Ljava/util/Collection;Ljava/io/PrintStream;)Ljava/lang/module/Configuration;+6 java.base@21.0.3
j  jdk.internal.module.ModuleBootstrap.boot2()Ljava/lang/ModuleLayer;+896 java.base@21.0.3
j  jdk.internal.module.ModuleBootstrap.boot()Ljava/lang/ModuleLayer;+64 java.base@21.0.3
j  java.lang.System.initPhase2(ZZ)I+0 java.base@21.0.3
v  ~StubRoutines::call_stub 0x0000025c757e100d
getstatic  178 getstatic  [0x0000025c757f76a0, 0x0000025c757f78a0]  512 bytes
[MachCode]
  0x0000025c757f76a0: 4883 ec08 | c5fa 1104 | 24eb 1f48 | 83ec 10c5 | fb11 0424 | eb14 4883 | ec10 4889 | 0424 48c7 
  0x0000025c757f76c0: 4424 0800 | 0000 00eb | 0150 410f | b755 0148 | 8b4d d0c1 | e202 8b5c | d138 c1eb | 1081 e3ff 
  0x0000025c757f76e0: 0000 0081 | fbb2 0000 | 000f 84b4 | 0000 00bb | b200 0000 | e805 0000 | 00e9 9900 | 0000 488b 
  0x0000025c757f7700: d348 8d44 | 2408 4c89 | 6dc0 498b | cfc5 f877 | 4989 afa8 | 0300 0049 | 8987 9803 | 0000 4883 
  0x0000025c757f7720: ec20 40f6 | c40f 0f84 | 1900 0000 | 4883 ec08 | 48b8 20e0 | 8649 f87f | 0000 ffd0 | 4883 c408 
  0x0000025c757f7740: e90c 0000 | 0048 b820 | e086 49f8 | 7f00 00ff | d048 83c4 | 2049 c787 | 9803 0000 | 0000 0000 
  0x0000025c757f7760: 49c7 87a8 | 0300 0000 | 0000 0049 | c787 a003 | 0000 0000 | 0000 c5f8 | 7749 837f | 0800 0f84 
  0x0000025c757f7780: 0500 0000 | e977 97fe | ff4c 8b6d | c04c 8b75 | c84e 8d74 | f500 c341 | 0fb7 5501 | 488b 4dd0 
  0x0000025c757f77a0: c1e2 0248 | 8b5c d148 | 8b44 d150 | 4c8b 4cd1 | 404d 8b49 | 704d 8b09 | c1e8 1c83 | e00f 0f85 
  0x0000025c757f77c0: 0b00 0000 | 410f be04 | 1950 e9b5 | 0000 0083 | f801 0f85 | 0b00 0000 | 410f b604 | 1950 e9a1 
  0x0000025c757f77e0: 0000 0083 | f808 0f85 | 0e00 0000 | 418b 0419 | 48c1 e003 | 50e9 8a00 | 0000 83f8 | 040f 850a 
  0x0000025c757f7800: 0000 0041 | 8b04 1950 | e977 0000 | 0083 f802 | 0f85 0b00 | 0000 410f | b704 1950 | e963 0000 
  0x0000025c757f7820: 0083 f803 | 0f85 0b00 | 0000 410f | bf04 1950 | e94f 0000 | 0083 f805 | 0f85 1a00 | 0000 498b 
  0x0000025c757f7840: 0419 4883 | ec10 4889 | 0424 48c7 | 4424 0800 | 0000 00e9 | 2c00 0000 | 83f8 060f | 8514 0000 
  0x0000025c757f7860: 00c4 c17a | 1004 1948 | 83ec 08c5 | fa11 0424 | e90f 0000 | 00c4 c17b | 1004 1948 | 83ec 10c5 
  0x0000025c757f7880: fb11 0424 | 410f b65d | 0349 83c5 | 0349 baf0 | 5215 4af8 | 7f00 0041 | ff24 da0f | 1f44 0000 
[/MachCode]

Compiled method (c1)     192   53       3       java.util.HashMap::hash (20 bytes)
 total in heap  [0x0000025c6e3a1790,0x0000025c6e3a1bd8] = 1096
 relocation     [0x0000025c6e3a18f0,0x0000025c6e3a1938] = 72
 main code      [0x0000025c6e3a1940,0x0000025c6e3a1b08] = 456
 stub code      [0x0000025c6e3a1b08,0x0000025c6e3a1b50] = 72
 metadata       [0x0000025c6e3a1b50,0x0000025c6e3a1b58] = 8
 scopes data    [0x0000025c6e3a1b58,0x0000025c6e3a1b70] = 24
 scopes pcs     [0x0000025c6e3a1b70,0x0000025c6e3a1bc0] = 80
 dependencies   [0x0000025c6e3a1bc0,0x0000025c6e3a1bc8] = 8
 nul chk table  [0x0000025c6e3a1bc8,0x0000025c6e3a1bd8] = 16

[Constant Pool (empty)]

[MachCode]
[Verified Entry Point]
  # {method} {0x0000025c061d05f8} 'hash' '(Ljava/lang/Object;)I' in 'java/util/HashMap'
  # parm0:    rdx:rdx   = 'java/lang/Object'
  #           [sp+0x40]  (sp of caller)
  0x0000025c6e3a1940: 8984 2400 | 80ff ff55 | 4883 ec30 | 4181 7f20 | 0100 0000 

  0x0000025c6e3a1954: ;   {runtime_call StubRoutines (final stubs)}
  0x0000025c6e3a1954: 7405 e805 

  0x0000025c6e3a1958: ;   {metadata(method data for {method} {0x0000025c061d05f8} 'hash' '(Ljava/lang/Object;)I' in 'java/util/HashMap')}
  0x0000025c6e3a1958: 3447 0748 | be78 6439 | 065c 0200 | 008b becc | 0000 0083 | c702 89be | cc00 0000 | 81e7 fe07 
  0x0000025c6e3a1978: 0000 85ff | 0f84 2101 | 0000 4885 

  0x0000025c6e3a1984: ;   {metadata(method data for {method} {0x0000025c061d05f8} 'hash' '(Ljava/lang/Object;)I' in 'java/util/HashMap')}
  0x0000025c6e3a1984: d248 be78 | 6439 065c | 0200 0048 | bf10 0100 | 0000 0000 | 0075 0a48 | bf20 0100 | 0000 0000 
  0x0000025c6e3a19a4: 0048 8b1c | 3e48 8d5b | 0148 891c | 3e0f 851a 

  0x0000025c6e3a19b4: ;   {metadata(method data for {method} {0x0000025c061d05f8} 'hash' '(Ljava/lang/Object;)I' in 'java/util/HashMap')}
  0x0000025c6e3a19b4: 0000 0048 | ba78 6439 | 065c 0200 | 00ff 8230 | 0100 00be | 0000 0000 | e9bc 0000 | 0048 3b02 
  0x0000025c6e3a19d4: ;   {metadata(method data for {method} {0x0000025c061d05f8} 'hash' '(Ljava/lang/Object;)I' in 'java/util/HashMap')}
  0x0000025c6e3a19d4: 488b f248 | bf78 6439 | 065c 0200 | 008b 7608 | 49ba 0000 | 0000 0800 | 0000 4903 | f248 3bb7 
  0x0000025c6e3a19f4: 5801 0000 | 750d 4883 | 8760 0100 | 0001 e960 | 0000 0048 | 3bb7 6801 | 0000 750d | 4883 8770 
  0x0000025c6e3a1a14: 0100 0001 | e94a 0000 | 0048 83bf | 5801 0000 | 0075 1748 | 89b7 5801 | 0000 48c7 | 8760 0100 
  0x0000025c6e3a1a34: 0001 0000 | 00e9 2900 | 0000 4883 | bf68 0100 | 0000 7517 | 4889 b768 | 0100 0048 | c787 7001 
  0x0000025c6e3a1a54: 0000 0100 | 0000 e908 | 0000 0048 | 8387 4801 | 0000 0166 | 0f1f 4400 | 0048 b848 | 1d04 0008 
  0x0000025c6e3a1a74: ;   {virtual_call}
  0x0000025c6e3a1a74: 0000 00e8 

  0x0000025c6e3a1a78: ; ImmutableOopMap {}
                      ;*invokevirtual hashCode {reexecute=0 rethrow=0 return_oop=0}
                      ; - java.util.HashMap::hash@9 (line 338)
  0x0000025c6e3a1a78: 649e 4807 

  0x0000025c6e3a1a7c: ;   {other}
  0x0000025c6e3a1a7c: 0f1f 8400 | ec02 0000 | 488b f0c1 | ee10 4833 | f048 8bc6 | 4883 c430 

  0x0000025c6e3a1a94: ;   {poll_return}
  0x0000025c6e3a1a94: 5d49 3ba7 | 5004 0000 | 0f87 2700 

  0x0000025c6e3a1aa0: ;   {metadata({method} {0x0000025c061d05f8} 'hash' '(Ljava/lang/Object;)I' in 'java/util/HashMap')}
  0x0000025c6e3a1aa0: 0000 c349 | baf0 051d | 065c 0200 | 004c 8954 | 2408 48c7 | 0424 ffff 

  0x0000025c6e3a1ab8: ;   {runtime_call counter_overflow Runtime1 stub}
  0x0000025c6e3a1ab8: ffff e841 

  0x0000025c6e3a1abc: ; ImmutableOopMap {rdx=Oop }
                      ;*synchronization entry
                      ; - java.util.HashMap::hash@-1 (line 338)
  0x0000025c6e3a1abc: 2f55 07e9 | befe ffff 

  0x0000025c6e3a1ac4: ;   {runtime_call throw_null_pointer_exception Runtime1 stub}
  0x0000025c6e3a1ac4: e837 de54 

  0x0000025c6e3a1ac8: ; ImmutableOopMap {rdx=Oop }
                      ;*invokevirtual hashCode {reexecute=0 rethrow=0 return_oop=0}
                      ; - java.util.HashMap::hash@9 (line 338)
                      ;   {internal_word}
  0x0000025c6e3a1ac8: 0749 ba95 | 1a3a 6e5c | 0200 004d | 8997 6804 

  0x0000025c6e3a1ad8: ;   {runtime_call SafepointBlob}
  0x0000025c6e3a1ad8: 0000 e921 | 3c49 0749 | 8b87 0005 | 0000 49c7 | 8700 0500 | 0000 0000 | 0049 c787 | 0805 0000 
  0x0000025c6e3a1af8: 0000 0000 | 4883 c430 

  0x0000025c6e3a1b00: ;   {runtime_call unwind_exception Runtime1 stub}
  0x0000025c6e3a1b00: 5de9 face | 5407 f4f4 
[Stub Code]
  0x0000025c6e3a1b08: ;   {no_reloc}
  0x0000025c6e3a1b08: 0f1f 4400 

  0x0000025c6e3a1b0c: ;   {static_stub}
  0x0000025c6e3a1b0c: 0048 bb00 | 0000 0000 

  0x0000025c6e3a1b14: ;   {runtime_call}
  0x0000025c6e3a1b14: 0000 00e9 | fbff ffff 
[Exception Handler]
  0x0000025c6e3a1b1c: ;   {runtime_call handle_exception_from_callee Runtime1 stub}
  0x0000025c6e3a1b1c: e8df fb54 

  0x0000025c6e3a1b20: ;   {external_word}
  0x0000025c6e3a1b20: 0748 b910 | e1e8 49f8 | 7f00 0048 

  0x0000025c6e3a1b2c: ;   {runtime_call}
  0x0000025c6e3a1b2c: 83e4 f048 | b800 a2ab | 49f8 7f00 | 00ff d0f4 
[Deopt Handler Code]
  0x0000025c6e3a1b3c: ;   {section_word}
  0x0000025c6e3a1b3c: 49ba 3c1b | 3a6e 5c02 | 0000 4152 

  0x0000025c6e3a1b48: ;   {runtime_call DeoptimizationBlob}
  0x0000025c6e3a1b48: e953 2e49 | 07f4 f4f4 
[/MachCode]


---------------  P R O C E S S  ---------------

Threads class SMR info:
_java_thread_list=0x0000025c0588e700, length=12, elements={
0x0000025c65cc12a0, 0x0000025c05750630, 0x0000025c05721400, 0x0000025c05741a80,
0x0000025c05744100, 0x0000025c05744b60, 0x0000025c05746700, 0x0000025c0576c030,
0x0000025c0576c6e0, 0x0000025c05800290, 0x0000025c05800940, 0x0000025c058a8de0
}

Java Threads: ( => current thread )
=>0x0000025c65cc12a0 JavaThread "main"                              [_thread_in_vm, id=33688, stack(0x00000075c4700000,0x00000075c4800000) (1024K)]
  0x0000025c05750630 JavaThread "Reference Handler"          daemon [_thread_blocked, id=5756, stack(0x00000075c4f00000,0x00000075c5000000) (1024K)]
  0x0000025c05721400 JavaThread "Finalizer"                  daemon [_thread_blocked, id=32900, stack(0x00000075c5000000,0x00000075c5100000) (1024K)]
  0x0000025c05741a80 JavaThread "Signal Dispatcher"          daemon [_thread_blocked, id=34136, stack(0x00000075c5100000,0x00000075c5200000) (1024K)]
  0x0000025c05744100 JavaThread "Attach Listener"            daemon [_thread_blocked, id=30244, stack(0x00000075c5200000,0x00000075c5300000) (1024K)]
  0x0000025c05744b60 JavaThread "Service Thread"             daemon [_thread_blocked, id=33352, stack(0x00000075c5300000,0x00000075c5400000) (1024K)]
  0x0000025c05746700 JavaThread "Monitor Deflation Thread"   daemon [_thread_blocked, id=34608, stack(0x00000075c5400000,0x00000075c5500000) (1024K)]
  0x0000025c0576c030 JavaThread "C2 CompilerThread0"         daemon [_thread_blocked, id=34240, stack(0x00000075c5500000,0x00000075c5600000) (1024K)]
  0x0000025c0576c6e0 JavaThread "C1 CompilerThread0"         daemon [_thread_blocked, id=9796, stack(0x00000075c5600000,0x00000075c5700000) (1024K)]
  0x0000025c05800290 JavaThread "C1 CompilerThread1"         daemon [_thread_blocked, id=21972, stack(0x00000075c5700000,0x00000075c5800000) (1024K)]
  0x0000025c05800940 JavaThread "C1 CompilerThread2"         daemon [_thread_blocked, id=27992, stack(0x00000075c5800000,0x00000075c5900000) (1024K)]
  0x0000025c058a8de0 JavaThread "Common-Cleaner"             daemon [_thread_blocked, id=22536, stack(0x00000075c5900000,0x00000075c5a00000) (1024K)]
Total: 12

Other Threads:
  0x0000025c056e09d0 VMThread "VM Thread"                           [id=11472, stack(0x00000075c4e00000,0x00000075c4f00000) (1024K)]
  0x0000025c7f923230 WatcherThread "VM Periodic Task Thread"        [id=29756, stack(0x00000075c4d00000,0x00000075c4e00000) (1024K)]
  0x0000025c65d219f0 WorkerThread "GC Thread#0"                     [id=29748, stack(0x00000075c4800000,0x00000075c4900000) (1024K)]
  0x0000025c63add6a0 ConcurrentGCThread "G1 Main Marker"            [id=11272, stack(0x00000075c4900000,0x00000075c4a00000) (1024K)]
  0x0000025c63ade1a0 WorkerThread "G1 Conc#0"                       [id=33832, stack(0x00000075c4a00000,0x00000075c4b00000) (1024K)]
  0x0000025c7f7f4d60 ConcurrentGCThread "G1 Refine#0"               [id=2476, stack(0x00000075c4b00000,0x00000075c4c00000) (1024K)]
  0x0000025c7f7f68e0 ConcurrentGCThread "G1 Service"                [id=30460, stack(0x00000075c4c00000,0x00000075c4d00000) (1024K)]
Total: 7

Threads with active compile tasks:
Total: 0

VM state: not at safepoint (normal execution)

VM Mutex/Monitor currently owned by a thread:  ([mutex/lock_event])
[0x00007ff84a13f048] Metaspace_lock - owner thread: 0x0000025c65cc12a0

Heap address: 0x0000000724e00000, size: 3506 MB, Compressed Oops mode: Zero based, Oop shift amount: 3

CDS archive(s) not mapped
Compressed class space mapped at: 0x0000000800000000-0x0000000840000000, reserved size: 1073741824
Narrow klass base: 0x0000000800000000, Narrow klass shift: 0, Narrow klass range: 0x40000000

GC Precious Log:
 CardTable entry size: 512
 Card Set container configuration: InlinePtr #cards 4 size 8 Array Of Cards #cards 16 size 48 Howl #buckets 8 coarsen threshold 3686 Howl Bitmap #cards 512 size 80 coarsen threshold 460 Card regions per heap region 1 cards per card region 4096
 CPUs: 16 total, 16 available
 Memory: 14020M
 Large Page Support: Disabled
 NUMA Support: Disabled
 Compressed Oops: Enabled (Zero based)
 Heap Region Size: 2M
 Heap Min Capacity: 8M
 Heap Initial Capacity: 220M
 Heap Max Capacity: 3506M
 Pre-touch: Disabled
 Parallel Workers: 13
 Concurrent Workers: 3
 Concurrent Refinement Workers: 13
 Periodic GC: Disabled

Heap:
 garbage-first heap   total 225280K, used 2048K [0x0000000724e00000, 0x0000000800000000)
  region size 2048K, 2 young (4096K), 0 survivors (0K)
 Metaspace       used 6040K, committed 6144K, reserved 1114112K
  class space    used 469K, committed 512K, reserved 1048576K

Heap Regions: E=young(eden), S=young(survivor), O=old, HS=humongous(starts), HC=humongous(continues), CS=collection set, F=free, TAMS=top-at-mark-start, PB=parsable bottom
|   0|0x0000000724e00000, 0x0000000724e00000, 0x0000000725000000|  0%| F|  |TAMS 0x0000000724e00000| PB 0x0000000724e00000| Untracked 
|   1|0x0000000725000000, 0x0000000725000000, 0x0000000725200000|  0%| F|  |TAMS 0x0000000725000000| PB 0x0000000725000000| Untracked 
|   2|0x0000000725200000, 0x0000000725200000, 0x0000000725400000|  0%| F|  |TAMS 0x0000000725200000| PB 0x0000000725200000| Untracked 
|   3|0x0000000725400000, 0x0000000725400000, 0x0000000725600000|  0%| F|  |TAMS 0x0000000725400000| PB 0x0000000725400000| Untracked 
|   4|0x0000000725600000, 0x0000000725600000, 0x0000000725800000|  0%| F|  |TAMS 0x0000000725600000| PB 0x0000000725600000| Untracked 
|   5|0x0000000725800000, 0x0000000725800000, 0x0000000725a00000|  0%| F|  |TAMS 0x0000000725800000| PB 0x0000000725800000| Untracked 
|   6|0x0000000725a00000, 0x0000000725a00000, 0x0000000725c00000|  0%| F|  |TAMS 0x0000000725a00000| PB 0x0000000725a00000| Untracked 
|   7|0x0000000725c00000, 0x0000000725c00000, 0x0000000725e00000|  0%| F|  |TAMS 0x0000000725c00000| PB 0x0000000725c00000| Untracked 
|   8|0x0000000725e00000, 0x0000000725e00000, 0x0000000726000000|  0%| F|  |TAMS 0x0000000725e00000| PB 0x0000000725e00000| Untracked 
|   9|0x0000000726000000, 0x0000000726000000, 0x0000000726200000|  0%| F|  |TAMS 0x0000000726000000| PB 0x0000000726000000| Untracked 
|  10|0x0000000726200000, 0x0000000726200000, 0x0000000726400000|  0%| F|  |TAMS 0x0000000726200000| PB 0x0000000726200000| Untracked 
|  11|0x0000000726400000, 0x0000000726400000, 0x0000000726600000|  0%| F|  |TAMS 0x0000000726400000| PB 0x0000000726400000| Untracked 
|  12|0x0000000726600000, 0x0000000726600000, 0x0000000726800000|  0%| F|  |TAMS 0x0000000726600000| PB 0x0000000726600000| Untracked 
|  13|0x0000000726800000, 0x0000000726800000, 0x0000000726a00000|  0%| F|  |TAMS 0x0000000726800000| PB 0x0000000726800000| Untracked 
|  14|0x0000000726a00000, 0x0000000726a00000, 0x0000000726c00000|  0%| F|  |TAMS 0x0000000726a00000| PB 0x0000000726a00000| Untracked 
|  15|0x0000000726c00000, 0x0000000726c00000, 0x0000000726e00000|  0%| F|  |TAMS 0x0000000726c00000| PB 0x0000000726c00000| Untracked 
|  16|0x0000000726e00000, 0x0000000726e00000, 0x0000000727000000|  0%| F|  |TAMS 0x0000000726e00000| PB 0x0000000726e00000| Untracked 
|  17|0x0000000727000000, 0x0000000727000000, 0x0000000727200000|  0%| F|  |TAMS 0x0000000727000000| PB 0x0000000727000000| Untracked 
|  18|0x0000000727200000, 0x0000000727200000, 0x0000000727400000|  0%| F|  |TAMS 0x0000000727200000| PB 0x0000000727200000| Untracked 
|  19|0x0000000727400000, 0x0000000727400000, 0x0000000727600000|  0%| F|  |TAMS 0x0000000727400000| PB 0x0000000727400000| Untracked 
|  20|0x0000000727600000, 0x0000000727600000, 0x0000000727800000|  0%| F|  |TAMS 0x0000000727600000| PB 0x0000000727600000| Untracked 
|  21|0x0000000727800000, 0x0000000727800000, 0x0000000727a00000|  0%| F|  |TAMS 0x0000000727800000| PB 0x0000000727800000| Untracked 
|  22|0x0000000727a00000, 0x0000000727a00000, 0x0000000727c00000|  0%| F|  |TAMS 0x0000000727a00000| PB 0x0000000727a00000| Untracked 
|  23|0x0000000727c00000, 0x0000000727c00000, 0x0000000727e00000|  0%| F|  |TAMS 0x0000000727c00000| PB 0x0000000727c00000| Untracked 
|  24|0x0000000727e00000, 0x0000000727e00000, 0x0000000728000000|  0%| F|  |TAMS 0x0000000727e00000| PB 0x0000000727e00000| Untracked 
|  25|0x0000000728000000, 0x0000000728000000, 0x0000000728200000|  0%| F|  |TAMS 0x0000000728000000| PB 0x0000000728000000| Untracked 
|  26|0x0000000728200000, 0x0000000728200000, 0x0000000728400000|  0%| F|  |TAMS 0x0000000728200000| PB 0x0000000728200000| Untracked 
|  27|0x0000000728400000, 0x0000000728400000, 0x0000000728600000|  0%| F|  |TAMS 0x0000000728400000| PB 0x0000000728400000| Untracked 
|  28|0x0000000728600000, 0x0000000728600000, 0x0000000728800000|  0%| F|  |TAMS 0x0000000728600000| PB 0x0000000728600000| Untracked 
|  29|0x0000000728800000, 0x0000000728800000, 0x0000000728a00000|  0%| F|  |TAMS 0x0000000728800000| PB 0x0000000728800000| Untracked 
|  30|0x0000000728a00000, 0x0000000728a00000, 0x0000000728c00000|  0%| F|  |TAMS 0x0000000728a00000| PB 0x0000000728a00000| Untracked 
|  31|0x0000000728c00000, 0x0000000728c00000, 0x0000000728e00000|  0%| F|  |TAMS 0x0000000728c00000| PB 0x0000000728c00000| Untracked 
|  32|0x0000000728e00000, 0x0000000728e00000, 0x0000000729000000|  0%| F|  |TAMS 0x0000000728e00000| PB 0x0000000728e00000| Untracked 
|  33|0x0000000729000000, 0x0000000729000000, 0x0000000729200000|  0%| F|  |TAMS 0x0000000729000000| PB 0x0000000729000000| Untracked 
|  34|0x0000000729200000, 0x0000000729200000, 0x0000000729400000|  0%| F|  |TAMS 0x0000000729200000| PB 0x0000000729200000| Untracked 
|  35|0x0000000729400000, 0x0000000729400000, 0x0000000729600000|  0%| F|  |TAMS 0x0000000729400000| PB 0x0000000729400000| Untracked 
|  36|0x0000000729600000, 0x0000000729600000, 0x0000000729800000|  0%| F|  |TAMS 0x0000000729600000| PB 0x0000000729600000| Untracked 
|  37|0x0000000729800000, 0x0000000729800000, 0x0000000729a00000|  0%| F|  |TAMS 0x0000000729800000| PB 0x0000000729800000| Untracked 
|  38|0x0000000729a00000, 0x0000000729a00000, 0x0000000729c00000|  0%| F|  |TAMS 0x0000000729a00000| PB 0x0000000729a00000| Untracked 
|  39|0x0000000729c00000, 0x0000000729c00000, 0x0000000729e00000|  0%| F|  |TAMS 0x0000000729c00000| PB 0x0000000729c00000| Untracked 
|  40|0x0000000729e00000, 0x0000000729e00000, 0x000000072a000000|  0%| F|  |TAMS 0x0000000729e00000| PB 0x0000000729e00000| Untracked 
|  41|0x000000072a000000, 0x000000072a000000, 0x000000072a200000|  0%| F|  |TAMS 0x000000072a000000| PB 0x000000072a000000| Untracked 
|  42|0x000000072a200000, 0x000000072a200000, 0x000000072a400000|  0%| F|  |TAMS 0x000000072a200000| PB 0x000000072a200000| Untracked 
|  43|0x000000072a400000, 0x000000072a400000, 0x000000072a600000|  0%| F|  |TAMS 0x000000072a400000| PB 0x000000072a400000| Untracked 
|  44|0x000000072a600000, 0x000000072a600000, 0x000000072a800000|  0%| F|  |TAMS 0x000000072a600000| PB 0x000000072a600000| Untracked 
|  45|0x000000072a800000, 0x000000072a800000, 0x000000072aa00000|  0%| F|  |TAMS 0x000000072a800000| PB 0x000000072a800000| Untracked 
|  46|0x000000072aa00000, 0x000000072aa00000, 0x000000072ac00000|  0%| F|  |TAMS 0x000000072aa00000| PB 0x000000072aa00000| Untracked 
|  47|0x000000072ac00000, 0x000000072ac00000, 0x000000072ae00000|  0%| F|  |TAMS 0x000000072ac00000| PB 0x000000072ac00000| Untracked 
|  48|0x000000072ae00000, 0x000000072ae00000, 0x000000072b000000|  0%| F|  |TAMS 0x000000072ae00000| PB 0x000000072ae00000| Untracked 
|  49|0x000000072b000000, 0x000000072b000000, 0x000000072b200000|  0%| F|  |TAMS 0x000000072b000000| PB 0x000000072b000000| Untracked 
|  50|0x000000072b200000, 0x000000072b200000, 0x000000072b400000|  0%| F|  |TAMS 0x000000072b200000| PB 0x000000072b200000| Untracked 
|  51|0x000000072b400000, 0x000000072b400000, 0x000000072b600000|  0%| F|  |TAMS 0x000000072b400000| PB 0x000000072b400000| Untracked 
|  52|0x000000072b600000, 0x000000072b600000, 0x000000072b800000|  0%| F|  |TAMS 0x000000072b600000| PB 0x000000072b600000| Untracked 
|  53|0x000000072b800000, 0x000000072b800000, 0x000000072ba00000|  0%| F|  |TAMS 0x000000072b800000| PB 0x000000072b800000| Untracked 
|  54|0x000000072ba00000, 0x000000072ba00000, 0x000000072bc00000|  0%| F|  |TAMS 0x000000072ba00000| PB 0x000000072ba00000| Untracked 
|  55|0x000000072bc00000, 0x000000072bc00000, 0x000000072be00000|  0%| F|  |TAMS 0x000000072bc00000| PB 0x000000072bc00000| Untracked 
|  56|0x000000072be00000, 0x000000072be00000, 0x000000072c000000|  0%| F|  |TAMS 0x000000072be00000| PB 0x000000072be00000| Untracked 
|  57|0x000000072c000000, 0x000000072c000000, 0x000000072c200000|  0%| F|  |TAMS 0x000000072c000000| PB 0x000000072c000000| Untracked 
|  58|0x000000072c200000, 0x000000072c200000, 0x000000072c400000|  0%| F|  |TAMS 0x000000072c200000| PB 0x000000072c200000| Untracked 
|  59|0x000000072c400000, 0x000000072c400000, 0x000000072c600000|  0%| F|  |TAMS 0x000000072c400000| PB 0x000000072c400000| Untracked 
|  60|0x000000072c600000, 0x000000072c600000, 0x000000072c800000|  0%| F|  |TAMS 0x000000072c600000| PB 0x000000072c600000| Untracked 
|  61|0x000000072c800000, 0x000000072c800000, 0x000000072ca00000|  0%| F|  |TAMS 0x000000072c800000| PB 0x000000072c800000| Untracked 
|  62|0x000000072ca00000, 0x000000072ca00000, 0x000000072cc00000|  0%| F|  |TAMS 0x000000072ca00000| PB 0x000000072ca00000| Untracked 
|  63|0x000000072cc00000, 0x000000072cc00000, 0x000000072ce00000|  0%| F|  |TAMS 0x000000072cc00000| PB 0x000000072cc00000| Untracked 
|  64|0x000000072ce00000, 0x000000072ce00000, 0x000000072d000000|  0%| F|  |TAMS 0x000000072ce00000| PB 0x000000072ce00000| Untracked 
|  65|0x000000072d000000, 0x000000072d000000, 0x000000072d200000|  0%| F|  |TAMS 0x000000072d000000| PB 0x000000072d000000| Untracked 
|  66|0x000000072d200000, 0x000000072d200000, 0x000000072d400000|  0%| F|  |TAMS 0x000000072d200000| PB 0x000000072d200000| Untracked 
|  67|0x000000072d400000, 0x000000072d400000, 0x000000072d600000|  0%| F|  |TAMS 0x000000072d400000| PB 0x000000072d400000| Untracked 
|  68|0x000000072d600000, 0x000000072d600000, 0x000000072d800000|  0%| F|  |TAMS 0x000000072d600000| PB 0x000000072d600000| Untracked 
|  69|0x000000072d800000, 0x000000072d800000, 0x000000072da00000|  0%| F|  |TAMS 0x000000072d800000| PB 0x000000072d800000| Untracked 
|  70|0x000000072da00000, 0x000000072da00000, 0x000000072dc00000|  0%| F|  |TAMS 0x000000072da00000| PB 0x000000072da00000| Untracked 
|  71|0x000000072dc00000, 0x000000072dc00000, 0x000000072de00000|  0%| F|  |TAMS 0x000000072dc00000| PB 0x000000072dc00000| Untracked 
|  72|0x000000072de00000, 0x000000072de00000, 0x000000072e000000|  0%| F|  |TAMS 0x000000072de00000| PB 0x000000072de00000| Untracked 
|  73|0x000000072e000000, 0x000000072e000000, 0x000000072e200000|  0%| F|  |TAMS 0x000000072e000000| PB 0x000000072e000000| Untracked 
|  74|0x000000072e200000, 0x000000072e200000, 0x000000072e400000|  0%| F|  |TAMS 0x000000072e200000| PB 0x000000072e200000| Untracked 
|  75|0x000000072e400000, 0x000000072e400000, 0x000000072e600000|  0%| F|  |TAMS 0x000000072e400000| PB 0x000000072e400000| Untracked 
|  76|0x000000072e600000, 0x000000072e600000, 0x000000072e800000|  0%| F|  |TAMS 0x000000072e600000| PB 0x000000072e600000| Untracked 
|  77|0x000000072e800000, 0x000000072e800000, 0x000000072ea00000|  0%| F|  |TAMS 0x000000072e800000| PB 0x000000072e800000| Untracked 
|  78|0x000000072ea00000, 0x000000072ea00000, 0x000000072ec00000|  0%| F|  |TAMS 0x000000072ea00000| PB 0x000000072ea00000| Untracked 
|  79|0x000000072ec00000, 0x000000072ec00000, 0x000000072ee00000|  0%| F|  |TAMS 0x000000072ec00000| PB 0x000000072ec00000| Untracked 
|  80|0x000000072ee00000, 0x000000072ee00000, 0x000000072f000000|  0%| F|  |TAMS 0x000000072ee00000| PB 0x000000072ee00000| Untracked 
|  81|0x000000072f000000, 0x000000072f000000, 0x000000072f200000|  0%| F|  |TAMS 0x000000072f000000| PB 0x000000072f000000| Untracked 
|  82|0x000000072f200000, 0x000000072f200000, 0x000000072f400000|  0%| F|  |TAMS 0x000000072f200000| PB 0x000000072f200000| Untracked 
|  83|0x000000072f400000, 0x000000072f400000, 0x000000072f600000|  0%| F|  |TAMS 0x000000072f400000| PB 0x000000072f400000| Untracked 
|  84|0x000000072f600000, 0x000000072f600000, 0x000000072f800000|  0%| F|  |TAMS 0x000000072f600000| PB 0x000000072f600000| Untracked 
|  85|0x000000072f800000, 0x000000072f800000, 0x000000072fa00000|  0%| F|  |TAMS 0x000000072f800000| PB 0x000000072f800000| Untracked 
|  86|0x000000072fa00000, 0x000000072fa00000, 0x000000072fc00000|  0%| F|  |TAMS 0x000000072fa00000| PB 0x000000072fa00000| Untracked 
|  87|0x000000072fc00000, 0x000000072fc00000, 0x000000072fe00000|  0%| F|  |TAMS 0x000000072fc00000| PB 0x000000072fc00000| Untracked 
|  88|0x000000072fe00000, 0x000000072fe00000, 0x0000000730000000|  0%| F|  |TAMS 0x000000072fe00000| PB 0x000000072fe00000| Untracked 
|  89|0x0000000730000000, 0x0000000730000000, 0x0000000730200000|  0%| F|  |TAMS 0x0000000730000000| PB 0x0000000730000000| Untracked 
|  90|0x0000000730200000, 0x0000000730200000, 0x0000000730400000|  0%| F|  |TAMS 0x0000000730200000| PB 0x0000000730200000| Untracked 
|  91|0x0000000730400000, 0x0000000730400000, 0x0000000730600000|  0%| F|  |TAMS 0x0000000730400000| PB 0x0000000730400000| Untracked 
|  92|0x0000000730600000, 0x0000000730600000, 0x0000000730800000|  0%| F|  |TAMS 0x0000000730600000| PB 0x0000000730600000| Untracked 
|  93|0x0000000730800000, 0x0000000730800000, 0x0000000730a00000|  0%| F|  |TAMS 0x0000000730800000| PB 0x0000000730800000| Untracked 
|  94|0x0000000730a00000, 0x0000000730a00000, 0x0000000730c00000|  0%| F|  |TAMS 0x0000000730a00000| PB 0x0000000730a00000| Untracked 
|  95|0x0000000730c00000, 0x0000000730c00000, 0x0000000730e00000|  0%| F|  |TAMS 0x0000000730c00000| PB 0x0000000730c00000| Untracked 
|  96|0x0000000730e00000, 0x0000000730e00000, 0x0000000731000000|  0%| F|  |TAMS 0x0000000730e00000| PB 0x0000000730e00000| Untracked 
|  97|0x0000000731000000, 0x0000000731000000, 0x0000000731200000|  0%| F|  |TAMS 0x0000000731000000| PB 0x0000000731000000| Untracked 
|  98|0x0000000731200000, 0x0000000731200000, 0x0000000731400000|  0%| F|  |TAMS 0x0000000731200000| PB 0x0000000731200000| Untracked 
|  99|0x0000000731400000, 0x0000000731400000, 0x0000000731600000|  0%| F|  |TAMS 0x0000000731400000| PB 0x0000000731400000| Untracked 
| 100|0x0000000731600000, 0x0000000731600000, 0x0000000731800000|  0%| F|  |TAMS 0x0000000731600000| PB 0x0000000731600000| Untracked 
| 101|0x0000000731800000, 0x0000000731800000, 0x0000000731a00000|  0%| F|  |TAMS 0x0000000731800000| PB 0x0000000731800000| Untracked 
| 102|0x0000000731a00000, 0x0000000731a00000, 0x0000000731c00000|  0%| F|  |TAMS 0x0000000731a00000| PB 0x0000000731a00000| Untracked 
| 103|0x0000000731c00000, 0x0000000731c00000, 0x0000000731e00000|  0%| F|  |TAMS 0x0000000731c00000| PB 0x0000000731c00000| Untracked 
| 104|0x0000000731e00000, 0x0000000731e00000, 0x0000000732000000|  0%| F|  |TAMS 0x0000000731e00000| PB 0x0000000731e00000| Untracked 
| 105|0x0000000732000000, 0x0000000732000000, 0x0000000732200000|  0%| F|  |TAMS 0x0000000732000000| PB 0x0000000732000000| Untracked 
| 106|0x0000000732200000, 0x0000000732200000, 0x0000000732400000|  0%| F|  |TAMS 0x0000000732200000| PB 0x0000000732200000| Untracked 
| 107|0x0000000732400000, 0x0000000732400000, 0x0000000732600000|  0%| F|  |TAMS 0x0000000732400000| PB 0x0000000732400000| Untracked 
| 108|0x0000000732600000, 0x00000007326e1d60, 0x0000000732800000| 44%| E|  |TAMS 0x0000000732600000| PB 0x0000000732600000| Complete 
| 109|0x0000000732800000, 0x0000000732a00000, 0x0000000732a00000|100%| E|CS|TAMS 0x0000000732800000| PB 0x0000000732800000| Complete 

Card table byte_map: [0x0000025c7e2f0000,0x0000025c7e9d0000] _byte_map_base: 0x0000025c7a9c9000

Marking Bits: (CMBitMap*) 0x0000025c65d220f0
 Bits: [0x0000025c00000000, 0x0000025c036c8000)

Polling page: 0x0000025c639b0000

Metaspace:

Usage:
  Non-class:      5.44 MB used.
      Class:    469.95 KB used.
       Both:      5.90 MB used.

Virtual space:
  Non-class space:       64.00 MB reserved,       5.50 MB (  9%) committed,  1 nodes.
      Class space:        1.00 GB reserved,     512.00 KB ( <1%) committed,  1 nodes.
             Both:        1.06 GB reserved,       6.00 MB ( <1%) committed. 

Chunk freelists:
   Non-Class:  10.50 MB
       Class:  15.53 MB
        Both:  26.02 MB

MaxMetaspaceSize: unlimited
CompressedClassSpaceSize: 1.00 GB
Initial GC threshold: 21.00 MB
Current GC threshold: 21.00 MB
CDS: off
 - commit_granule_bytes: 65536.
 - commit_granule_words: 8192.
 - virtual_space_node_default_size: 8388608.
 - enlarge_chunks_in_place: 1.
 - use_allocation_guard: 0.


Internal statistics:

num_allocs_failed_limit: 0.
num_arena_births: 6.
num_arena_deaths: 0.
num_vsnodes_births: 2.
num_vsnodes_deaths: 0.
num_space_committed: 96.
num_space_uncommitted: 0.
num_chunks_returned_to_freelist: 0.
num_chunks_taken_from_freelist: 12.
num_chunk_merges: 0.
num_chunk_splits: 6.
num_chunks_enlarged: 2.
num_inconsistent_stats: 0.

CodeHeap 'non-profiled nmethods': size=119168Kb used=26Kb max_used=26Kb free=119141Kb
 bounds [0x0000025c75f30000, 0x0000025c761a0000, 0x0000025c7d390000]
CodeHeap 'profiled nmethods': size=119104Kb used=145Kb max_used=145Kb free=118958Kb
 bounds [0x0000025c6e390000, 0x0000025c6e600000, 0x0000025c757e0000]
CodeHeap 'non-nmethods': size=7488Kb used=2389Kb max_used=2403Kb free=5098Kb
 bounds [0x0000025c757e0000, 0x0000025c75a50000, 0x0000025c75f30000]
 total_blobs=495 nmethods=111 adapters=287
 compilation: enabled
              stopped_count=0, restarted_count=0
 full_count=0

Compilation events (20 events):
Event: 0.172 Thread 0x0000025c05800290 nmethod 101 0x0000025c6e3adb10 code [0x0000025c6e3adcc0, 0x0000025c6e3adf30]
Event: 0.172 Thread 0x0000025c05800940 nmethod 103 0x0000025c6e3ae090 code [0x0000025c6e3ae240, 0x0000025c6e3ae518]
Event: 0.172 Thread 0x0000025c05800940  105       3       java.util.zip.ZipUtils::CENFLG (9 bytes)
Event: 0.172 Thread 0x0000025c05800290  104       3       java.util.zip.ZipUtils::CENHOW (9 bytes)
Event: 0.172 Thread 0x0000025c05800940 nmethod 105 0x0000025c6e3ae690 code [0x0000025c6e3ae840, 0x0000025c6e3ae9e8]
Event: 0.172 Thread 0x0000025c05800290 nmethod 104 0x0000025c6e3aeb10 code [0x0000025c6e3aecc0, 0x0000025c6e3aee68]
Event: 0.172 Thread 0x0000025c05800940  108       3       java.util.zip.ZipCoder$UTF8ZipCoder::checkedHash (79 bytes)
Event: 0.172 Thread 0x0000025c05800290  109       3       java.lang.System$2::countPositives (7 bytes)
Event: 0.173 Thread 0x0000025c05800290 nmethod 109 0x0000025c6e3aef90 code [0x0000025c6e3af140, 0x0000025c6e3af3c8]
Event: 0.173 Thread 0x0000025c05800290  106       3       java.util.zip.ZipUtils::CENNAM (9 bytes)
Event: 0.173 Thread 0x0000025c0576c030 nmethod 100 0x0000025c75f36590 code [0x0000025c75f36720, 0x0000025c75f36800]
Event: 0.173 Thread 0x0000025c05800290 nmethod 106 0x0000025c6e3af510 code [0x0000025c6e3af6c0, 0x0000025c6e3af868]
Event: 0.173 Thread 0x0000025c05800290  107       3       java.util.zip.ZipFile$Source::zipCoderForPos (39 bytes)
Event: 0.173 Thread 0x0000025c05800290 nmethod 107 0x0000025c6e3af990 code [0x0000025c6e3afb60, 0x0000025c6e3aff60]
Event: 0.173 Thread 0x0000025c05800940 nmethod 108 0x0000025c6e3b0110 code [0x0000025c6e3b0320, 0x0000025c6e3b0770]
Event: 0.173 Thread 0x0000025c05800290  110       3       java.util.zip.ZipFile$Source::isMetaName (141 bytes)
Event: 0.173 Thread 0x0000025c05800940  111       3       java.util.zip.ZipFile$Source::nextEntryPos (22 bytes)
Event: 0.173 Thread 0x0000025c05800940 nmethod 111 0x0000025c6e3b0990 code [0x0000025c6e3b0b60, 0x0000025c6e3b0e90]
Event: 0.173 Thread 0x0000025c0576c6e0 nmethod 102 0x0000025c6e3b1090 code [0x0000025c6e3b1480, 0x0000025c6e3b2d30]
Event: 0.173 Thread 0x0000025c05800290 nmethod 110 0x0000025c6e3b3c10 code [0x0000025c6e3b3de0, 0x0000025c6e3b42c0]

GC Heap History (0 events):
No events

Dll operation events (4 events):
Event: 0.010 Loaded shared library C:\Users\AN\.jdks\corretto-21.0.3\bin\java.dll
Event: 0.077 Loaded shared library C:\Users\AN\.jdks\corretto-21.0.3\bin\jsvml.dll
Event: 0.167 Loaded shared library C:\Users\AN\.jdks\corretto-21.0.3\bin\net.dll
Event: 0.168 Loaded shared library C:\Users\AN\.jdks\corretto-21.0.3\bin\nio.dll

Deoptimization events (0 events):
No events

Classes loaded (20 events):
Event: 0.171 Loading class java/io/DataInput
Event: 0.171 Loading class java/io/DataInput done
Event: 0.171 Loading class java/io/RandomAccessFile done
Event: 0.171 Loading class java/io/RandomAccessFile$2
Event: 0.171 Loading class jdk/internal/access/JavaIORandomAccessFileAccess
Event: 0.171 Loading class jdk/internal/access/JavaIORandomAccessFileAccess done
Event: 0.171 Loading class java/io/RandomAccessFile$2 done
Event: 0.171 Loading class java/io/FileCleanable
Event: 0.171 Loading class java/io/FileCleanable done
Event: 0.171 Loading class java/util/zip/ZipFile$Source$End
Event: 0.171 Loading class java/util/zip/ZipFile$Source$End done
Event: 0.171 Loading class java/util/zip/ZipUtils
Event: 0.171 Loading class java/util/zip/ZipUtils done
Event: 0.172 Loading class java/lang/StringCoding
Event: 0.172 Loading class java/lang/StringCoding done
Event: 0.172 Loading class java/nio/file/attribute/FileTime
Event: 0.173 Loading class java/nio/file/attribute/FileTime done
Event: 0.173 Loading class java/util/Locale
Event: 0.173 Loading class java/util/Locale done
Event: 0.173 Loading class sun/util/locale/BaseLocale

Classes unloaded (0 events):
No events

Classes redefined (0 events):
No events

Internal exceptions (0 events):
No events

ZGC Phase Switch (0 events):
No events

VM Operations (0 events):
No events

Events (12 events):
Event: 0.017 Thread 0x0000025c65cc12a0 Thread added: 0x0000025c65cc12a0
Event: 0.073 Thread 0x0000025c05750630 Thread added: 0x0000025c05750630
Event: 0.073 Thread 0x0000025c05721400 Thread added: 0x0000025c05721400
Event: 0.075 Thread 0x0000025c05741a80 Thread added: 0x0000025c05741a80
Event: 0.076 Thread 0x0000025c05744100 Thread added: 0x0000025c05744100
Event: 0.076 Thread 0x0000025c05744b60 Thread added: 0x0000025c05744b60
Event: 0.076 Thread 0x0000025c05746700 Thread added: 0x0000025c05746700
Event: 0.076 Thread 0x0000025c0576c030 Thread added: 0x0000025c0576c030
Event: 0.076 Thread 0x0000025c0576c6e0 Thread added: 0x0000025c0576c6e0
Event: 0.090 Thread 0x0000025c05800290 Thread added: 0x0000025c05800290
Event: 0.090 Thread 0x0000025c05800940 Thread added: 0x0000025c05800940
Event: 0.154 Thread 0x0000025c058a8de0 Thread added: 0x0000025c058a8de0


Dynamic libraries:
0x00007ff67a280000 - 0x00007ff67a28e000 	C:\Users\AN\.jdks\corretto-21.0.3\bin\java.exe
0x00007ff935e30000 - 0x00007ff936047000 	C:\WINDOWS\SYSTEM32\ntdll.dll
0x00007ff934b10000 - 0x00007ff934bd4000 	C:\WINDOWS\System32\KERNEL32.DLL
0x00007ff933450000 - 0x00007ff9337f7000 	C:\WINDOWS\System32\KERNELBASE.dll
0x00007ff933800000 - 0x00007ff933911000 	C:\WINDOWS\System32\ucrtbase.dll
0x00007ff92e4b0000 - 0x00007ff92e4cb000 	C:\Users\AN\.jdks\corretto-21.0.3\bin\VCRUNTIME140.dll
0x00007ff9244f0000 - 0x00007ff924508000 	C:\Users\AN\.jdks\corretto-21.0.3\bin\jli.dll
0x00007ff934730000 - 0x00007ff9348de000 	C:\WINDOWS\System32\USER32.dll
0x00007ff91d820000 - 0x00007ff91dab3000 	C:\WINDOWS\WinSxS\amd64_microsoft.windows.common-controls_6595b64144ccf1df_6.0.22621.3527_none_270e469b73872a76\COMCTL32.dll
0x00007ff933920000 - 0x00007ff933946000 	C:\WINDOWS\System32\win32u.dll
0x00007ff935a70000 - 0x00007ff935b17000 	C:\WINDOWS\System32\msvcrt.dll
0x00007ff935dc0000 - 0x00007ff935de9000 	C:\WINDOWS\System32\GDI32.dll
0x00007ff9332c0000 - 0x00007ff9333d9000 	C:\WINDOWS\System32\gdi32full.dll
0x00007ff933ac0000 - 0x00007ff933b5a000 	C:\WINDOWS\System32\msvcp_win.dll
0x00007ff9352e0000 - 0x00007ff935311000 	C:\WINDOWS\System32\IMM32.DLL
0x00007ff92e480000 - 0x00007ff92e48c000 	C:\Users\AN\.jdks\corretto-21.0.3\bin\vcruntime140_1.dll
0x00007ff920980000 - 0x00007ff920a0d000 	C:\Users\AN\.jdks\corretto-21.0.3\bin\msvcp140.dll
0x00007ff849490000 - 0x00007ff84a221000 	C:\Users\AN\.jdks\corretto-21.0.3\bin\server\jvm.dll
0x00007ff935320000 - 0x00007ff9353d2000 	C:\WINDOWS\System32\ADVAPI32.dll
0x00007ff935590000 - 0x00007ff935638000 	C:\WINDOWS\System32\sechost.dll
0x00007ff933a90000 - 0x00007ff933ab8000 	C:\WINDOWS\System32\bcrypt.dll
0x00007ff9348e0000 - 0x00007ff9349f5000 	C:\WINDOWS\System32\RPCRT4.dll
0x00007ff935ce0000 - 0x00007ff935d51000 	C:\WINDOWS\System32\WS2_32.dll
0x00007ff932a40000 - 0x00007ff932a8d000 	C:\WINDOWS\SYSTEM32\POWRPROF.dll
0x00007ff92adf0000 - 0x00007ff92ae24000 	C:\WINDOWS\SYSTEM32\WINMM.dll
0x00007ff92a990000 - 0x00007ff92a99a000 	C:\WINDOWS\SYSTEM32\VERSION.dll
0x00007ff9329c0000 - 0x00007ff9329d3000 	C:\WINDOWS\SYSTEM32\UMPDC.dll
0x00007ff932140000 - 0x00007ff932158000 	C:\WINDOWS\SYSTEM32\kernel.appcore.dll
0x00007ff9244e0000 - 0x00007ff9244ea000 	C:\Users\AN\.jdks\corretto-21.0.3\bin\jimage.dll
0x00007ff9302d0000 - 0x00007ff930503000 	C:\WINDOWS\SYSTEM32\DBGHELP.DLL
0x00007ff9356c0000 - 0x00007ff935a48000 	C:\WINDOWS\System32\combase.dll
0x00007ff935090000 - 0x00007ff935167000 	C:\WINDOWS\System32\OLEAUT32.dll
0x00007ff923c00000 - 0x00007ff923c32000 	C:\WINDOWS\SYSTEM32\dbgcore.DLL
0x00007ff933a10000 - 0x00007ff933a89000 	C:\WINDOWS\System32\bcryptPrimitives.dll
0x00007ff924f00000 - 0x00007ff924f0e000 	C:\Users\AN\.jdks\corretto-21.0.3\bin\instrument.dll
0x00007ff920960000 - 0x00007ff92097f000 	C:\Users\AN\.jdks\corretto-21.0.3\bin\java.dll
0x00007ff933ed0000 - 0x00007ff93472c000 	C:\WINDOWS\System32\SHELL32.dll
0x00007ff931040000 - 0x00007ff931936000 	C:\WINDOWS\SYSTEM32\windows.storage.dll
0x00007ff930f00000 - 0x00007ff93103e000 	C:\WINDOWS\SYSTEM32\wintypes.dll
0x00007ff933b60000 - 0x00007ff933c55000 	C:\WINDOWS\System32\SHCORE.dll
0x00007ff935280000 - 0x00007ff9352de000 	C:\WINDOWS\System32\shlwapi.dll
0x00007ff933080000 - 0x00007ff9330a1000 	C:\WINDOWS\SYSTEM32\profapi.dll
0x00007ff90cf40000 - 0x00007ff90d017000 	C:\Users\AN\.jdks\corretto-21.0.3\bin\jsvml.dll
0x00007ff920950000 - 0x00007ff920960000 	C:\Users\AN\.jdks\corretto-21.0.3\bin\net.dll
0x00007ff92d7b0000 - 0x00007ff92d8e6000 	C:\WINDOWS\SYSTEM32\WINHTTP.dll
0x00007ff9325c0000 - 0x00007ff932629000 	C:\WINDOWS\system32\mswsock.dll
0x00007ff9208b0000 - 0x00007ff9208c6000 	C:\Users\AN\.jdks\corretto-21.0.3\bin\nio.dll

dbghelp: loaded successfully - version: 4.0.5 - missing functions: none
symbol engine: initialized successfully - sym options: 0x614 - pdb path: .;C:\Users\AN\.jdks\corretto-21.0.3\bin;C:\WINDOWS\SYSTEM32;C:\WINDOWS\WinSxS\amd64_microsoft.windows.common-controls_6595b64144ccf1df_6.0.22621.3527_none_270e469b73872a76;C:\Users\AN\.jdks\corretto-21.0.3\bin\server

VM Arguments:
jvm_args: -javaagent:C:\Program Files\JetBrains\IntelliJ IDEA 2023.3.6\lib\idea_rt.jar=52307:C:\Program Files\JetBrains\IntelliJ IDEA 2023.3.6\bin -Dfile.encoding=UTF-8 -Dsun.stdout.encoding=UTF-8 -Dsun.stderr.encoding=UTF-8 --module-path=C:\Users\AN\.m2\repository\org\openjfx\javafx-web\17.0.6\javafx-web-17.0.6-win.jar;C:\Users\AN\.m2\repository\org\openjfx\javafx-media\17.0.6\javafx-media-17.0.6-win.jar;C:\Users\AN\.m2\repository\org\jetbrains\kotlin\kotlin-stdlib\1.8.10\kotlin-stdlib-1.8.10.jar;C:\Users\AN\.m2\repository\com\github\almasb\fxgl-core\17.3\fxgl-core-17.3.jar;C:\Users\AN\.m2\repository\com\github\almasb\fxgl-entity\17.3\fxgl-entity-17.3.jar;C:\Users\AN\.m2\repository\com\gluonhq\attach\util\4.0.17\util-4.0.17.jar;C:\Users\AN\.m2\repository\com\github\almasb\fxgl-scene\17.3\fxgl-scene-17.3.jar;C:\Users\AN\.m2\repository\com\gluonhq\attach\audio\4.0.17\audio-4.0.17.jar;C:\Users\AN\.m2\repository\org\kordamp\ikonli\ikonli-javafx\12.3.1\ikonli-javafx-12.3.1.jar;C:\Users\AN\.m2\repository\eu\hansolo\tilesfx\11.48\tilesfx-11.48.jar;C:\Users\AN\.m2\repository\com\github\almasb\fxgl-gameplay\17.3\fxgl-gameplay-17.3.jar;D:\hoc_tren_lop\hk4\app\SE330.1\target\classes;C:\Users\AN\.m2\repository\net\synedra\validatorfx\0.4.0\validatorfx-0.4.0.jar;C:\Users\AN\.m2\repository\com\gluonhq\attach\storage\4.0.17\storage-4.0.17.jar;C:\Users\AN\.m2\repository\com\fasterxml\jackson\core\jackson-databind\2.14.2\jackson-databind-2.14.2.jar;C:\Users\AN\.m2\repository\com\jfoenix\jfoenix\9.0.1\jfoenix-9.0.1.jar;C:\Users\AN\.m2\repository\org\controlsfx\controlsfx\11.1.2\controlsfx-11.1.2.jar;C:\Users\AN\.m2\repository\com\github\almasb\fxgl\17.3\fxgl-17.3.jar;C:\Users\AN\.m2\repository\org\openjfx\javafx-fxml\17.0.6\javafx-fxml-17.0.6-win.jar;C:\Users\AN\.m2\repository\org\kordamp\ikonli\ikonli-core\12.3.1\ikonli-core-12.3.1.jar;C:\Users\AN\.m2\repository\com\github\almasb\fxgl-io\17.3\fxgl-io-17.3.jar;C:\Users\AN\.m2\repository\org\openjfx\javafx-base\17.0.6\javafx-base-17.0.6-win.jar;C:\Users\AN\.m2\repository\com\gluonhq\attach\lifecycle\4.0.17\lifecycle-4.0.17.jar;C:\Users\AN\.m2\repository\org\openjfx\javafx-graphics\17.0.6\javafx-graphics-17.0.6-win.jar;C:\Users\AN\.m2\repository\org\open-Djdk.module.main=com.example.privateclinic 
java_command: com.example.privateclinic/com.example.privateclinic.App
java_class_path (initial): C:\Users\AN\.m2\repository\org\openjfx\javafx-controls\17.0.6\javafx-controls-17.0.6.jar;C:\Users\AN\.m2\repository\org\openjfx\javafx-graphics\17.0.6\javafx-graphics-17.0.6.jar;C:\Users\AN\.m2\repository\org\openjfx\javafx-base\17.0.6\javafx-base-17.0.6.jar;C:\Users\AN\.m2\repository\org\openjfx\javafx-fxml\17.0.6\javafx-fxml-17.0.6.jar;C:\Users\AN\.m2\repository\org\openjfx\javafx-web\17.0.6\javafx-web-17.0.6.jar;C:\Users\AN\.m2\repository\org\openjfx\javafx-swing\17.0.6\javafx-swing-17.0.6.jar;C:\Users\AN\.m2\repository\org\openjfx\javafx-swing\17.0.6\javafx-swing-17.0.6-win.jar;C:\Users\AN\.m2\repository\org\openjfx\javafx-media\17.0.6\javafx-media-17.0.6.jar;C:\Users\AN\.m2\repository\org\postgresql\postgresql\42.7.3\postgresql-42.7.3.jar;C:\Users\AN\.m2\repository\org\checkerframework\checker-qual\3.42.0\checker-qual-3.42.0.jar;C:\Users\AN\.m2\repository\org\jetbrains\kotlin\kotlin-stdlib-common\1.8.10\kotlin-stdlib-common-1.8.10.jar;C:\Users\AN\.m2\repository\org\jetbrains\annotations\13.0\annotations-13.0.jar
Launcher Type: SUN_STANDARD

[Global flags]
     intx CICompilerCount                          = 12                                        {product} {ergonomic}
     uint ConcGCThreads                            = 3                                         {product} {ergonomic}
     uint G1ConcRefinementThreads                  = 13                                        {product} {ergonomic}
   size_t G1HeapRegionSize                         = 2097152                                   {product} {ergonomic}
    uintx GCDrainStackTargetSize                   = 64                                        {product} {ergonomic}
   size_t InitialHeapSize                          = 230686720                                 {product} {ergonomic}
   size_t MarkStackSize                            = 4194304                                   {product} {ergonomic}
   size_t MaxHeapSize                              = 3676307456                                {product} {ergonomic}
   size_t MaxNewSize                               = 2204106752                                {product} {ergonomic}
   size_t MinHeapDeltaBytes                        = 2097152                                   {product} {ergonomic}
   size_t MinHeapSize                              = 8388608                                   {product} {ergonomic}
    uintx NonNMethodCodeHeapSize                   = 7602480                                {pd product} {ergonomic}
    uintx NonProfiledCodeHeapSize                  = 122027880                              {pd product} {ergonomic}
    uintx ProfiledCodeHeapSize                     = 122027880                              {pd product} {ergonomic}
    uintx ReservedCodeCacheSize                    = 251658240                              {pd product} {ergonomic}
     bool SegmentedCodeCache                       = true                                      {product} {ergonomic}
   size_t SoftMaxHeapSize                          = 3676307456                             {manageable} {ergonomic}
     bool UseCompressedOops                        = true                           {product lp64_product} {ergonomic}
     bool UseG1GC                                  = true                                      {product} {ergonomic}
     bool UseLargePagesIndividualAllocation        = false                                  {pd product} {ergonomic}

Logging:
Log output configuration:
 #0: stdout all=warning uptime,level,tags foldmultilines=false
 #1: stderr all=off uptime,level,tags foldmultilines=false

Environment Variables:
PATH=C:\Program Files\Common Files\Oracle\Java\javapath;C:\Program Files (x86)\Common Files\Oracle\Java\javapath;C:\Windows\system32;C:\Windows;C:\Windows\System32\Wbem;C:\Windows\System32\WindowsPowerShell\v1.0\;C:\Windows\System32\OpenSSH\;C:\Program Files (x86)\NVIDIA Corporation\PhysX\Common;C:\Program Files\NVIDIA Corporation\NVIDIA NvDLISR;C:\opencv\build\x64\vc16\bin;C:\Program Files (x86)\AMD\ATI.ACE\Core-Static;C:\WINDOWS\system32;C:\WINDOWS;C:\WINDOWS\System32\Wbem;C:\WINDOWS\System32\WindowsPowerShell\v1.0\;C:\WINDOWS\System32\OpenSSH\;C:\Program Files\Cloudflare\Cloudflare WARP\;C:\Program Files\dotnet\;C:\Program Files\Microsoft SQL Server\150\Tools\Binn\;C:\Program Files\Microsoft SQL Server\Client SDK\ODBC\170\Tools\Binn\;C:\Program Files (x86)\Microsoft SQL Server\160\DTS\Binn\;C:\Program Files\Azure Data Studio\bin;C:\Program Files (x86)\Microsoft SQL Server\160\Tools\Binn\;C:\Program Files\Microsoft SQL Server\160\Tools\Binn\;C:\Program Files\Microsoft SQL Server\160\DTS\Binn\;C:\Program Files\Microsoft SQL Server\110\Tools\Binn\;C:\Program Files\nodejs\;C:\Program Files\Git\cmd;C:\Program Files\Common Files\Oracle\Java\javapath;C:\Program Files (x86)\Common Files\Oracle\Java\javapath;C:\Windows\system32;C:\Windows;C:\Windows\System32\Wbem;C:\Windows\System32\WindowsPowerShell\v1.0\;C:\Windows\System32\OpenSSH\;C:\Program Files (x86)\NVIDIA Corporation\PhysX\Common;C:\Program Files\NVIDIA Corporation\NVIDIA NvDLISR;C:\opencv\build\x64\vc16\bin;C:\Program Files (x86)\AMD\ATI.ACE\Core-Static;C:\WINDOWS\system32;C:\WINDOWS;C:\WINDOWS\System32\Wbem;C:\WINDOWS\System32\WindowsPowerShell\v1.0\;C:\WINDOWS\System32\OpenSSH\;C:\Program Files\Cloudflare\Cloudflare WARP\;C:\Program Files\dotnet\;C:\Program Files\Git\cmd;C:\Program Files\Microsoft SQL Server\150\Tools\Binn\;C:\Program Files\Microsoft SQL Server\Client SDK\ODBC\170\Tools\Binn\;C:\Program Files (x86)\Microsoft SQL Server\160\DTS\Binn\;C:\Program Files\Azure Data Studio\bin;C:\Program Files (x86)\Microsoft SQL Server\160\Tools\Binn\;C:\Program Files\Microsoft SQL Server\160\Tools\Binn\;C:\Program Files\Microsoft SQL Server\160\DTS\;C:\Users\AN\AppData\Local\Programs\Microsoft VS Code\bin;C:\Users\AN\AppData\Roaming\npm
USERNAME=AN
OS=Windows_NT
PROCESSOR_IDENTIFIER=AMD64 Family 25 Model 68 Stepping 1, AuthenticAMD
TMP=C:\Users\AN\AppData\Local\Temp
TEMP=C:\Users\AN\AppData\Local\Temp




Periodic native trim disabled

---------------  S Y S T E M  ---------------

OS:
 Windows 11 , 64 bit Build 22621 (10.0.22621.3527)
OS uptime: 0 days 0:42 hours
Hyper-V role detected

CPU: total 16 (initial active 16) (16 cores per cpu, 2 threads per core) family 25 model 68 stepping 1 microcode 0x0, cx8, cmov, fxsr, ht, mmx, 3dnowpref, sse, sse2, sse3, ssse3, sse4a, sse4.1, sse4.2, popcnt, lzcnt, tsc, tscinvbit, avx, avx2, aes, erms, clmul, bmi1, bmi2, adx, sha, fma, vzeroupper, clflush, clflushopt, hv, rdtscp, rdpid, fsrm, f16c, cet_ss
Processor Information for processor 0
  Max Mhz: 3201, Current Mhz: 2566, Mhz Limit: 3201
Processor Information for processor 1
  Max Mhz: 3201, Current Mhz: 2566, Mhz Limit: 3201
Processor Information for processor 2
  Max Mhz: 3201, Current Mhz: 3201, Mhz Limit: 3201
Processor Information for processor 3
  Max Mhz: 3201, Current Mhz: 2566, Mhz Limit: 3201
Processor Information for processor 4
  Max Mhz: 3201, Current Mhz: 3201, Mhz Limit: 3201
Processor Information for processor 5
  Max Mhz: 3201, Current Mhz: 2566, Mhz Limit: 3201
Processor Information for processor 6
  Max Mhz: 3201, Current Mhz: 3201, Mhz Limit: 3201
Processor Information for processor 7
  Max Mhz: 3201, Current Mhz: 2566, Mhz Limit: 3201
Processor Information for processor 8
  Max Mhz: 3201, Current Mhz: 2566, Mhz Limit: 3201
Processor Information for processor 9
  Max Mhz: 3201, Current Mhz: 2566, Mhz Limit: 3201
Processor Information for processor 10
  Max Mhz: 3201, Current Mhz: 3201, Mhz Limit: 3201
Processor Information for processor 11
  Max Mhz: 3201, Current Mhz: 2566, Mhz Limit: 3201
Processor Information for processor 12
  Max Mhz: 3201, Current Mhz: 3201, Mhz Limit: 3201
Processor Information for processor 13
  Max Mhz: 3201, Current Mhz: 2566, Mhz Limit: 3201
Processor Information for processor 14
  Max Mhz: 3201, Current Mhz: 2566, Mhz Limit: 3201
Processor Information for processor 15
  Max Mhz: 3201, Current Mhz: 2566, Mhz Limit: 3201

Memory: 4k page, system-wide physical 14020M (1082M free)
TotalPageFile size 24825M (AvailPageFile size 5M)
current process WorkingSet (physical memory assigned to process): 31M, peak: 31M
current process commit charge ("private bytes"): 307M, peak: 308M

vm_info: OpenJDK 64-Bit Server VM (21.0.3+9-LTS) for windows-amd64 JRE (21.0.3+9-LTS), built on 2024-04-10T19:10:39Z by "Administrator" with MS VC++ 16.10 / 16.11 (VS2019)

END.
